This is pdfTeX, Version 3.141592653-2.6-1.40.23 (MiKTeX 21.10) (preloaded format=pdflatex 2021.11.4)  17 NOV 2021 16:19
entering extended mode
**"./supplementary material.tex"
(supplementary material.tex
LaTeX2e <2021-06-01> patch level 1
L3 programming layer <2021-10-18>
(C:\Users\cifam001\AppData\Local\Programs\MiKTeX 2.9\tex/latex/base\article.cls
Document Class: article 2021/02/12 v1.4n Standard LaTeX document class
(C:\Users\cifam001\AppData\Local\Programs\MiKTeX 2.9\tex/latex/base\size10.clo
File: size10.clo 2021/02/12 v1.4n Standard LaTeX file (size option)
)
\c@part=\count182
\c@section=\count183
\c@subsection=\count184
\c@subsubsection=\count185
\c@paragraph=\count186
\c@subparagraph=\count187
\c@figure=\count188
\c@table=\count189
\abovecaptionskip=\skip47
\belowcaptionskip=\skip48
\bibindent=\dimen138
)
(C:\Users\cifam001\AppData\Local\Programs\MiKTeX 2.9\tex/latex/graphics\graphic
x.sty
Package: graphicx 2020/12/05 v1.2c Enhanced LaTeX Graphics (DPC,SPQR)

(C:\Users\cifam001\AppData\Local\Programs\MiKTeX 2.9\tex/latex/graphics\keyval.
sty
Package: keyval 2014/10/28 v1.15 key=value parser (DPC)
\KV@toks@=\toks16
)
(C:\Users\cifam001\AppData\Local\Programs\MiKTeX 2.9\tex/latex/graphics\graphic
s.sty
Package: graphics 2021/03/04 v1.4d Standard LaTeX Graphics (DPC,SPQR)

(C:\Users\cifam001\AppData\Local\Programs\MiKTeX 2.9\tex/latex/graphics\trig.st
y
Package: trig 2016/01/03 v1.10 sin cos tan (DPC)
)
(C:\Users\cifam001\AppData\Local\Programs\MiKTeX 2.9\tex/latex/graphics-cfg\gra
phics.cfg
File: graphics.cfg 2016/06/04 v1.11 sample graphics configuration
)
Package graphics Info: Driver file: pdftex.def on input line 107.

(C:\Users\cifam001\AppData\Local\Programs\MiKTeX 2.9\tex/latex/graphics-def\pdf
tex.def
File: pdftex.def 2020/10/05 v1.2a Graphics/color driver for pdftex
))
\Gin@req@height=\dimen139
\Gin@req@width=\dimen140
)
(C:\Users\cifam001\AppData\Local\Programs\MiKTeX 2.9\tex/latex/l3backend\l3back
end-pdftex.def
File: l3backend-pdftex.def 2021-10-18 L3 backend support: PDF output (pdfTeX)
\l__color_backend_stack_int=\count190
\l__pdf_internal_box=\box50
) (supplementary material.aux)
\openout1 = `"supplementary material.aux"'.

LaTeX Font Info:    Checking defaults for OML/cmm/m/it on input line 11.
LaTeX Font Info:    ... okay on input line 11.
LaTeX Font Info:    Checking defaults for OMS/cmsy/m/n on input line 11.
LaTeX Font Info:    ... okay on input line 11.
LaTeX Font Info:    Checking defaults for OT1/cmr/m/n on input line 11.
LaTeX Font Info:    ... okay on input line 11.
LaTeX Font Info:    Checking defaults for T1/cmr/m/n on input line 11.
LaTeX Font Info:    ... okay on input line 11.
LaTeX Font Info:    Checking defaults for TS1/cmr/m/n on input line 11.
LaTeX Font Info:    ... okay on input line 11.
LaTeX Font Info:    Checking defaults for OMX/cmex/m/n on input line 11.
LaTeX Font Info:    ... okay on input line 11.
LaTeX Font Info:    Checking defaults for U/cmr/m/n on input line 11.
LaTeX Font Info:    ... okay on input line 11.

(C:\Users\cifam001\AppData\Local\Programs\MiKTeX 2.9\tex/context/base/mkii\supp
-pdf.mkii
[Loading MPS to PDF converter (version 2006.09.02).]
\scratchcounter=\count191
\scratchdimen=\dimen141
\scratchbox=\box51
\nofMPsegments=\count192
\nofMParguments=\count193
\everyMPshowfont=\toks17
\MPscratchCnt=\count194
\MPscratchDim=\dimen142
\MPnumerator=\count195
\makeMPintoPDFobject=\count196
\everyMPtoPDFconversion=\toks18
)
(C:\Users\cifam001\AppData\Local\Programs\MiKTeX 2.9\tex/latex/epstopdf-pkg\eps
topdf-base.sty
Package: epstopdf-base 2020-01-24 v2.11 Base part for package epstopdf
Package epstopdf-base Info: Redefining graphics rule for `.eps' on input line 4
85.

(C:\Users\cifam001\AppData\Local\Programs\MiKTeX 2.9\tex/latex/00miktex\epstopd
f-sys.cfg
File: epstopdf-sys.cfg 2021/03/18 v2.0 Configuration of epstopdf for MiKTeX
))
LaTeX Font Info:    External font `cmex10' loaded for size
(Font)              <12> on input line 13.
LaTeX Font Info:    External font `cmex10' loaded for size
(Font)              <8> on input line 13.
LaTeX Font Info:    External font `cmex10' loaded for size
(Font)              <6> on input line 13.

Overfull \hbox (43.94185pt too wide) in paragraph at lines 17--21
\OT1/cmr/m/n/10 RNA se-quenc-ing data from NCBI GEO database, ac-ces-sion GSE75
688 [[]]
 []

Package epstopdf Info: Source file: <./GO_Biological_Process_2021_bar_SC_VIM06.
eps>
(epstopdf)                    date: 2021-11-17 16:19:22
(epstopdf)                    size: 260151 bytes
(epstopdf)             Output file: <./GO_Biological_Process_2021_bar_SC_VIM06-
eps-converted-to.pdf>
(epstopdf)             Command: <miktex-epstopdf --outfile=./GO_Biological_Proc
ess_2021_bar_SC_VIM06-eps-converted-to.pdf ./GO_Biological_Process_2021_bar_SC_
VIM06.eps>
(epstopdf)             \includegraphics on input line 24.
runsystem(miktex-epstopdf --outfile=./GO_Biological_Process_2021_bar_SC_VIM06-e
ps-converted-to.pdf ./GO_Biological_Process_2021_bar_SC_VIM06.eps)...executed (
allowed).

Package epstopdf Info: Result file: <./GO_Biological_Process_2021_bar_SC_VIM06-
eps-converted-to.pdf>
(epstopdf)                    date: 2021-11-17 16:19:58
(epstopdf)                    size: 262681 bytes.


pdfTeX warning: pdflatex.exe (file ./GO_Biological_Process_2021_bar_SC_VIM06-ep
s-converted-to.pdf): PDF inclusion: found PDF version <1.7>, but at most versio
n <1.5> allowed
<./GO_Biological_Process_2021_bar_SC_VIM06-eps-converted-to.pdf, id=1, 532.9912
6pt x 216.81pt>
File: ./GO_Biological_Process_2021_bar_SC_VIM06-eps-converted-to.pdf Graphic fi
le (type pdf)
<use ./GO_Biological_Process_2021_bar_SC_VIM06-eps-converted-to.pdf>
Package pdftex.def Info: ./GO_Biological_Process_2021_bar_SC_VIM06-eps-converte
d-to.pdf  used on input line 24.
(pdftex.def)             Requested size: 276.00105pt x 112.27538pt.
Package epstopdf Info: Source file: <./GO_Biological_Process_2021_bar_SC_HER206
.eps>
(epstopdf)                    date: 2021-11-17 16:19:00
(epstopdf)                    size: 261800 bytes
(epstopdf)             Output file: <./GO_Biological_Process_2021_bar_SC_HER206
-eps-converted-to.pdf>
(epstopdf)             Command: <miktex-epstopdf --outfile=./GO_Biological_Proc
ess_2021_bar_SC_HER206-eps-converted-to.pdf ./GO_Biological_Process_2021_bar_SC
_HER206.eps>
(epstopdf)             \includegraphics on input line 25.
runsystem(miktex-epstopdf --outfile=./GO_Biological_Process_2021_bar_SC_HER206-
eps-converted-to.pdf ./GO_Biological_Process_2021_bar_SC_HER206.eps)...executed
 (allowed).

Package epstopdf Info: Result file: <./GO_Biological_Process_2021_bar_SC_HER206
-eps-converted-to.pdf>
(epstopdf)                    date: 2021-11-17 16:20:00
(epstopdf)                    size: 262694 bytes.


pdfTeX warning: pdflatex.exe (file ./GO_Biological_Process_2021_bar_SC_HER206-e
ps-converted-to.pdf): PDF inclusion: found PDF version <1.7>, but at most versi
on <1.5> allowed
<./GO_Biological_Process_2021_bar_SC_HER206-eps-converted-to.pdf, id=2, 532.991
26pt x 216.81pt>
File: ./GO_Biological_Process_2021_bar_SC_HER206-eps-converted-to.pdf Graphic f
ile (type pdf)
<use ./GO_Biological_Process_2021_bar_SC_HER206-eps-converted-to.pdf>
Package pdftex.def Info: ./GO_Biological_Process_2021_bar_SC_HER206-eps-convert
ed-to.pdf  used on input line 25.
(pdftex.def)             Requested size: 276.00105pt x 112.27538pt.

LaTeX Warning: `h' float specifier changed to `ht'.

[1

{C:/Users/cifam001/AppData/Local/MiKTeX/2.9/pdftex/config/pdftex.map}]
Package epstopdf Info: Source file: <./DisGeNET_bar_SC_VIM06.eps>
(epstopdf)                    date: 2021-11-17 16:18:35
(epstopdf)                    size: 128353 bytes
(epstopdf)             Output file: <./DisGeNET_bar_SC_VIM06-eps-converted-to.p
df>
(epstopdf)             Command: <miktex-epstopdf --outfile=./DisGeNET_bar_SC_VI
M06-eps-converted-to.pdf ./DisGeNET_bar_SC_VIM06.eps>
(epstopdf)             \includegraphics on input line 35.
runsystem(miktex-epstopdf --outfile=./DisGeNET_bar_SC_VIM06-eps-converted-to.pd
f ./DisGeNET_bar_SC_VIM06.eps)...executed (allowed).

Package epstopdf Info: Result file: <./DisGeNET_bar_SC_VIM06-eps-converted-to.p
df>
(epstopdf)                    date: 2021-11-17 16:20:02
(epstopdf)                    size: 128753 bytes.


pdfTeX warning: pdflatex.exe (file ./DisGeNET_bar_SC_VIM06-eps-converted-to.pdf
): PDF inclusion: found PDF version <1.7>, but at most version <1.5> allowed
<./DisGeNET_bar_SC_VIM06-eps-converted-to.pdf, id=14, 532.99126pt x 216.81pt>
File: ./DisGeNET_bar_SC_VIM06-eps-converted-to.pdf Graphic file (type pdf)
<use ./DisGeNET_bar_SC_VIM06-eps-converted-to.pdf>
Package pdftex.def Info: ./DisGeNET_bar_SC_VIM06-eps-converted-to.pdf  used on 
input line 35.
(pdftex.def)             Requested size: 276.00105pt x 112.27538pt.
Package epstopdf Info: Source file: <./DisGeNET_bar_SC_HER206.eps>
(epstopdf)                    date: 2021-11-17 16:18:01
(epstopdf)                    size: 128952 bytes
(epstopdf)             Output file: <./DisGeNET_bar_SC_HER206-eps-converted-to.
pdf>
(epstopdf)             Command: <miktex-epstopdf --outfile=./DisGeNET_bar_SC_HE
R206-eps-converted-to.pdf ./DisGeNET_bar_SC_HER206.eps>
(epstopdf)             \includegraphics on input line 36.
runsystem(miktex-epstopdf --outfile=./DisGeNET_bar_SC_HER206-eps-converted-to.p
df ./DisGeNET_bar_SC_HER206.eps)...executed (allowed).

Package epstopdf Info: Result file: <./DisGeNET_bar_SC_HER206-eps-converted-to.
pdf>
(epstopdf)                    date: 2021-11-17 16:20:04
(epstopdf)                    size: 129070 bytes.


pdfTeX warning: pdflatex.exe (file ./DisGeNET_bar_SC_HER206-eps-converted-to.pd
f): PDF inclusion: found PDF version <1.7>, but at most version <1.5> allowed
<./DisGeNET_bar_SC_HER206-eps-converted-to.pdf, id=15, 532.99126pt x 216.81pt>
File: ./DisGeNET_bar_SC_HER206-eps-converted-to.pdf Graphic file (type pdf)
<use ./DisGeNET_bar_SC_HER206-eps-converted-to.pdf>
Package pdftex.def Info: ./DisGeNET_bar_SC_HER206-eps-converted-to.pdf  used on
 input line 36.
(pdftex.def)             Requested size: 276.00105pt x 112.27538pt.

LaTeX Warning: `h' float specifier changed to `ht'.


Overfull \hbox (7.40335pt too wide) in paragraph at lines 41--42
\OT1/cmr/m/n/10 We per-formed an en-rich-ment anal-y-sis to iden-tify gene-dise
ase as-so-ci-a-tions (GDAs)
 []


Overfull \hbox (1.34782pt too wide) in paragraph at lines 41--42
\OT1/cmr/m/n/10 in the in-ferred drivers from the GSE75688 sin-gle cell dataset
 [[]].
 []

[2 <./GO_Biological_Process_2021_bar_SC_VIM06-eps-converted-to.pdf> <./GO_Biolo
gical_Process_2021_bar_SC_HER206-eps-converted-to.pdf>]
(supplementary material.bbl) [3 <./DisGeNET_bar_SC_VIM06-eps-converted-to.pdf> 
<./DisGeNET_bar_SC_HER206-eps-converted-to.pdf>] (supplementary material.aux) )
 
Here is how much of TeX's memory you used:
 1262 strings out of 478873
 21857 string characters out of 2846902
 317411 words of memory out of 3000000
 19185 multiletter control sequences out of 15000+600000
 407715 words of font info for 41 fonts, out of 8000000 for 9000
 1141 hyphenation exceptions out of 8191
 57i,9n,66p,674b,224s stack positions out of 5000i,500n,10000p,200000b,80000s
<C:/Users/cifam001/AppData/Local/Programs/MiKTeX 2.9/fonts/type1/public/amsfont
s/cm/cmbx12.pfb><C:/Users/cifam001/AppData/Local/Programs/MiKTeX 2.9/fonts/type
1/public/amsfonts/cm/cmr10.pfb><C:/Users/cifam001/AppData/Local/Programs/MiKTeX
 2.9/fonts/type1/public/amsfonts/cm/cmr12.pfb><C:/Users/cifam001/AppData/Local/
Programs/MiKTeX 2.9/fonts/type1/public/amsfonts/cm/cmr17.pfb><C:/Users/cifam001
/AppData/Local/Programs/MiKTeX 2.9/fonts/type1/public/amsfonts/cm/cmr8.pfb><C:/
Users/cifam001/AppData/Local/Programs/MiKTeX 2.9/fonts/type1/public/amsfonts/cm
/cmr9.pfb><C:/Users/cifam001/AppData/Local/Programs/MiKTeX 2.9/fonts/type1/publ
ic/amsfonts/cm/cmsy8.pfb><C:/Users/cifam001/AppData/Local/Programs/MiKTeX 2.9/f
onts/type1/public/amsfonts/cm/cmti10.pfb>
Output written on "supplementary material.pdf" (3 pages, 893049 bytes).
PDF statistics:
 68 PDF objects out of 1000 (max. 8388607)
 0 named destinations out of 1000 (max. 500000)
 21 words of extra memory for PDF output out of 10000 (max. 10000000)

